Frontend-Node:  ======================
                Mesher selection: FPBA
                ======================

>>>>>>>>>>>>>>>>>>>>>>>>>>>>>>>>
2023 Oct 01 (Sun):  11:03:45
started: parallelization control
>>>>>>>>>>>>>>>>>>>>>>>>>>>>>>>>

======================================================
 - pinning rule in use   : PINNING_RULE_MCALC_SKIP_ALL
 - desired group         : 0, sockets = 0
 - num cores available   : 12
 - num accessible procs          : 12
 - num logical procs             : 12
 - affinity (main thread)        : 111111111111
 - sockets                       : 0
 - potential cores               : 0,2,4,6,8,10
 - affinity                      : 101010101010
 - core list                  (3): 0,2,4,6,8,10
 - active cores          : 0,2,4,6,8,10
 - hyperthreading        : on
 - allowed core ids      : 0,2,4,6,8,10
 - allowed core ids (aff): 101010 101010 
 - used mask (string)    : 101010 101010 
======================================================

==========================================================================
Version: 2022.0 Release from 2021-08-23 (change 895802) [Release]
Workflow: QQ-Facets
Operation: [acis, fpba, bg]
Architecture: Windows, ID: AMD64
System Windows-64bit
Using processor group 0/1
HEX Mesh information:
Hex mesh: global: [hxr o(0 | 0 | 0) s(55 | 55 | 40) np (no TSTs): 121000] 
==========================================================================

>>>>>>>>>>>>>>>>>>>>>>>>>>>>>
2023 Oct 01 (Sun):  11:03:46
started: processing CAD model
>>>>>>>>>>>>>>>>>>>>>>>>>>>>>

========================================================================
Processing CAD model (for field results)
	[Improved internal geometry representation]
	[Accuracy improvement for long shapes in inhomogeneous mesh regions]
Version 2022.0 (build 20210823)
PBA version 2022060322
Sub-Workflow: Facets-QQ-GEX
Workflow updated: -
2023 Oct 01 (Sun):  11:03:46
========================================================================

===========================================
Finished CAD processing (for field results)
===========================================

<<<<<<<<<<<<<<<<<<<<<<<<<<<<<<<<<<<<<<<<<<
2023 Oct 01 (Sun):  11:03:46
Resource usage for processing CAD model:
	Runtime                 00:00:00.00073
	Peak Memory Usage:               18 MB
<<<<<<<<<<<<<<<<<<<<<<<<<<<<<<<<<<<<<<<<<<

>>>>>>>>>>>>>>>>>>>>>>>>>>>>>
2023 Oct 01 (Sun):  11:03:46
started: processing CAD model
>>>>>>>>>>>>>>>>>>>>>>>>>>>>>

========================================================================
Processing CAD model
	[Improved internal geometry representation]
	[Accuracy improvement for long shapes in inhomogeneous mesh regions]
Version 2022.0 (build 20210823)
PBA version 2022060322
Sub-Workflow: Facets-QQ-GEX
Workflow updated: -
2023 Oct 01 (Sun):  11:03:46
========================================================================

----------------------------------------------
Used point accuracy enhancement value: 54.00%.
----------------------------------------------

=============================================================================
Mesh statistics:
-----------------------------------------------------------------------------
Minimum edge length (x): 0.129 @ mesh line 39 (x)
Maximum edge length (x): 6.38 @ mesh line 53 (x)
Minimum face area (x): 0.0157 @ mesh lines 39 | 3 (y | z)
Maximum face area (x): 40.7 @ mesh lines 53 | 38 (y | z)
Minimum edge length (y): 0.129 @ mesh line 39 (y)
Maximum edge length (y): 6.38 @ mesh line 53 (y)
Minimum face area (y): 0.0157 @ mesh lines 3 | 39 (z | x)
Maximum face area (y): 40.7 @ mesh lines 38 | 53 (z | x)
Minimum edge length (z): 0.122 @ mesh line 3 (z)
Maximum edge length (z): 6.38 @ mesh line 38 (z)
Minimum face area (z): 0.0167 @ mesh lines 39 | 39 (x | y)
Maximum face area (z): 40.7 @ mesh lines 53 | 53 (x | y)
Maximum mesh face aspect ratio (x): 52.5 : 1.0  @ mesh lines 53 | 3 (y | z)
Maximum mesh face aspect ratio (y): 52.5 : 1.0  @ mesh lines 3 | 53 (z | x)
Maximum mesh face aspect ratio (z): 49.3 : 1.0  @ mesh lines 53 | 39 (x | y)
=============================================================================

=============================================================================
Available resources to store TST cells: 2147362647 (1774679.87% of mesh size)
=============================================================================

************************************************************************************************
General settings
	PBA version: default
------------------------------------------------------------------------------------------------
Geometry processor: default
	Geo accuracy: 54.000000
	Watertightness check: true
	Self intersection check: false
	Inheritance (all): false
	Normal dominance (all): false
	Normal dominance (ports): false
	Flanges hollow: true
	One shape per flange: false
	Multi threading: true
		max # of threads used: 12
		requested max # of threads: 12
		representation: indexed
		method: multi thread
		retry: no
------------------------------------------------------------------------------------------------
Connectivity settings
	Workflow selection: 0
	Workflow version: 20180101
	Gap detection: true
	Gap detection version: 2
	TST version: 2
	QQ workflow: true
	CoCo workflow: true
	Legacy topology: false
	Connectivity check: false
------------------------------------------------------------------------------------------------
************************************************************************************************

------------------------------------------------------------------------------------------------
Geometry processing log
	PEC background is represented by CAD geometry: false
	Background shape: used
	Multithread portion: 100.00
	Number of CAD shapes: 1
	Number of lumps: 0
------------------------------------------------------------------------------------------------
===================================================================================================
== CST Matrix Calculation Priority Log
===================================================================================================
 
Priorities are sorted in ascending order beginning with the lowest priority
 
Priority-group: 1, shape 4: </cst/Boundaries/> Low^X,   material: $NFSMaterial$,  user-priority: 0.000000,   material-attributes: normal.vacuum,  shape-attributes: boundary,    scheme type:FIT_TD
Priority-group: 1, shape 5: </cst/Boundaries/> Low^Y,   material: $NFSMaterial$,  user-priority: 0.000000,   material-attributes: normal.vacuum,  shape-attributes: boundary,    scheme type:FIT_TD
Priority-group: 1, shape 7: </cst/Boundaries/> Up^X,    material: $NFSMaterial$,  user-priority: 0.000000,   material-attributes: normal.vacuum,  shape-attributes: boundary,    scheme type:FIT_TD
Priority-group: 1, shape 8: </cst/Boundaries/> Up^Y,    material: $NFSMaterial$,  user-priority: 0.000000,   material-attributes: normal.vacuum,  shape-attributes: boundary,    scheme type:FIT_TD
Priority-group: 1, shape 9: </cst/Boundaries/> Up^Z,    material: $NFSMaterial$,  user-priority: 0.000000,   material-attributes: normal.vacuum,  shape-attributes: boundary,    scheme type:FIT_TD
Priority-group: 2, shape 6: </cst/Boundaries/> Low^Z,   material: PEC,    user-priority: 0.000000,   material-attributes: pec,    shape-attributes: boundary,    scheme type:FIT_TD
Priority-group: 3, shape 2: </cst/Ports/> 1^t0, material: PEC,    user-priority: 0.000000,   material-attributes: pec,    shape-attributes: edge-element.wire,   scheme type:FIT_TD
Priority-group: 3, shape 3: </cst/Ports/> 1^t1, material: PEC,    user-priority: 0.000000,   material-attributes: pec,    shape-attributes: edge-element.wire,   scheme type:FIT_TD
Priority-group: 4, shape 1: component1:brazo_dipolo_1,  material: PEC,    user-priority: 0.000000,   2D/3D-geometry: true, material-attributes: pec,    shape-attributes: solid,   scheme type:FIT_TD
 
===================================================================================================
 
=======================
Finished CAD processing
=======================

<<<<<<<<<<<<<<<<<<<<<<<<<<<<<<<<<<<<<<<<<<
2023 Oct 01 (Sun):  11:03:46
Resource usage for processing CAD model:
	Runtime                 00:00:00.00103
	Peak Memory Usage:               18 MB
<<<<<<<<<<<<<<<<<<<<<<<<<<<<<<<<<<<<<<<<<<

------------------------------------------------------------
Parallelization Info
------------------------------------------------------------
Hyperthreading active: true
Hyperthreading used: false
Number of concurrent threads: 4
Number of node domains: 4
Domains-to-threads scaling: 2
Average FI domain size: 2e+04
Nice mode: true
Delayed matrix calculation start: false
Load balancing: Version 20090403
Number of mesh fill domains: 8
Memory downscale: 1
CPU load: 66.67%
Emptiness: 0.00%
Hex mesh complexity: 0.11372
Geometric complexity: 0.00702
lower size limit of domain (1D): 60
------------------------------------------------------------
Node order
3, 2, 1, 0
------------------------------------------------------------

------------------------------------------------------------------
Matrix calculation job submit section 0
Currently running jobs: 0
Waiting jobs: 4
Concurrency for section: 4/4
Matrix calculation node 3
	Mesh coverage: 3279900.00 %
	Estimated peak memory usage per node: 10 MB, tightness: 0.11 %
	Processor group: 0
Matrix calculation node 2
	Mesh coverage: 2940600.00 %
	Estimated peak memory usage per node: 9 MB, tightness: 0.10 %
	Processor group: 0
Matrix calculation node 1
	Mesh coverage: 2940600.00 %
	Estimated peak memory usage per node: 9 MB, tightness: 0.10 %
	Processor group: 0
Matrix calculation node 0
	Mesh coverage: 2636400.00 %
	Estimated peak memory usage per node: 9 MB, tightness: 0.10 %
	Processor group: 0
------------------------------------------------------------------

------------------------------------
Mesh: # of points excl. TSTs: 121000
      # of points incl. TSTs: 121000
------------------------------------

===========================================
Data rearrangement statistics:
Disk IO directories:	00:00:00.0009
Disk IO node domain files:	00:00:00.0308
Disk IO FI domain files:	00:00:00.0000
Disk IO meta information:	00:00:00.0037
Sequential merge (TST):	00:00:00.0000
===========================================

1xN000:  ==========================================================================
          - pinning rule in use   : PINNING_RULE_MCALC_SKIP_ALL
          - desired group         : 0, sockets = 0
          - num cores available   : 12
          - num accessible procs          : 12
          - num logical procs             : 12
          - affinity (main thread)        : 111111111111
          - sockets                       : 0
          - potential cores               : 0,1,2,3,4,5,6,7,8,9,10,11
          - affinity                      : 111111111111
          - core list                  (3): 0,1,2,3,4,5,6,7,8,9,10,11
          - active cores          : 0,1,2,3,4,5,6,7,8,9,10,11
          - hyperthreading        : on
          - skip pinning: + allowed number of sockets = available number of sockets
                          + hyperthreading allowed by solver
         ==========================================================================

1xN000:  ================================================================================
         Version: 2022.0 Release from 2021-08-23 (change 895802) [Release]
         Workflow: PBA matrix coefficients
         Operation: [fpba, meshfill, bg, port-path, tst, tst-nextgen, coeff, surface-imp]
         Architecture: Windows, ID: AMD64
         System Windows-64bit
         Using processor group 0/1
         HEX Mesh information:
         Hex mesh: node: [hxr o(0 | 0 | 0) s(27 | 27 | 40) np (no TSTs): 29160]
         Hex mesh: extended: [hxr o(0 | 0 | 0) s(28 | 28 | 40) np (no TSTs): 31360]
         ================================================================================

1xN000:  ------------------------------------------------------
         Memory status  on node "1xN000" for matrix calculation
         	Estimated memory consumption: 0.00861679 GB
         	Physical memory installed: 17.1257 GB
         	Available physical memory: 8.807 GB
         	Available relative memory: 51.4256%s
         ------------------------------------------------------

1xN000:  >>>>>>>>>>>>>>>>>>>>>>>>>>>>>>>>>>>>>>>>>>>>>>>>>
         2023 Oct 01 (Sun):  11:03:47
         started: calculating matrix coefficients per node
         >>>>>>>>>>>>>>>>>>>>>>>>>>>>>>>>>>>>>>>>>>>>>>>>>

1xN000:  ================================================================
         Matrix computation (PBA)
         	[PERFECT BOUNDARY APPROXIMATION (PBA) (R), version: default]
         	[GPU acceleration: off (by user)]
         Version 2022.0 (build 20210823)
         PBA version 2022060322
         Sub-Workflow: FARM-1xN-TST2-Node
         Workflow updated: -
         2023 Oct 01 (Sun):  11:03:47
         ================================================================

1xN000:  ----------------------------------------------
         Used point accuracy enhancement value: 54.00%.
         ----------------------------------------------

1xN000:  FARM allocation scheme: BBM
1xN000:  Gap-Detection activated for FARM-topology. Gaps are resolved, even partially.: gap tolerance value is 0.001000 and mesh geometry scale is 0.001000
1xN000:
1xN000:



1xN000:  ----------------------
         Acceleration mode: CPU
         ----------------------

1xN000:  Port homogenization method: M2H point index deviation
1xN000:  ccccccccccccccccccccccccccccccccccccccccccccccccccccccccccccccccccccc
         FARM/Meshfill cache is set to 8 (local FI domains: 2, dynamic: false)
         ccccccccccccccccccccccccccccccccccccccccccccccccccccccccccccccccccccc

1xN000:  =============================================================
         Hex cell analyzer settings:
         	max number of E fields per mesh edge: 2
         	max number of H fields per mesh face: 4
         	supporting dual grid: false
         	performance improvement: ROI limit: true
         	performance improvement: ROI threshold: 2
         	performance improvement: single topology extraction: true
         	performance improvement: pre-categorize cell volume: true
         	periodic align: 0
         	periodic cells: true
         	homogenization version: pid
         =============================================================

1xN000:  ------------------------------------------------------------------------------
         PBA fill limit is applied in inverse mode.
         PBA fill limit is applied on faces filled with at least 98.81% metal material.
         --------------------------------------------------------------
         detailed accuracy settings:
         --------------------------------------------------------------
         augmented fill limit:       true
         augmented fill limit value: 98.81
         automatic fill limit:       true
         early fill limit:           true
         inverse fill limit:         true
         model complexity:           0.00
         legacy 2015:                false
         fixed point accuracy:       false
         minimum point accuracy:     0
         mesh step inheritance:      false
         accuracy mode:
         ------------------------------------------------------------------------------

1xN000:  =================================
         Finished matrix computation (PBA)
         =================================

1xN000:  <<<<<<<<<<<<<<<<<<<<<<<<<<<<<<<<<<<<<<<<<<<<<<<<<<<<<<<<<<<<
         2023 Oct 01 (Sun):  11:03:51
         Resource usage for calculating matrix coefficients per node:
         	Runtime                          00:00:03.00462
         	Peak Memory Estimation:                    9 MB
         	Peak Memory Usage:                        45 MB
         <<<<<<<<<<<<<<<<<<<<<<<<<<<<<<<<<<<<<<<<<<<<<<<<<<<<<<<<<<<<



1xN001:  ==========================================================================
          - pinning rule in use   : PINNING_RULE_MCALC_SKIP_ALL
          - desired group         : 0, sockets = 0
          - num cores available   : 12
          - num accessible procs          : 12
          - num logical procs             : 12
          - affinity (main thread)        : 111111111111
          - sockets                       : 0
          - potential cores               : 0,1,2,3,4,5,6,7,8,9,10,11
          - affinity                      : 111111111111
          - core list                  (3): 0,1,2,3,4,5,6,7,8,9,10,11
          - active cores          : 0,1,2,3,4,5,6,7,8,9,10,11
          - hyperthreading        : on
          - skip pinning: + allowed number of sockets = available number of sockets
                          + hyperthreading allowed by solver
         ==========================================================================

1xN001:  ================================================================================
         Version: 2022.0 Release from 2021-08-23 (change 895802) [Release]
         Workflow: PBA matrix coefficients
         Operation: [fpba, meshfill, bg, port-path, tst, tst-nextgen, coeff, surface-imp]
         Architecture: Windows, ID: AMD64
         System Windows-64bit
         Using processor group 0/1
         HEX Mesh information:
         Hex mesh: node: [hxr o(25 | 0 | 0) s(30 | 27 | 40) np (no TSTs): 32400]
         Hex mesh: extended: [hxr o(24 | 0 | 0) s(31 | 28 | 40) np (no TSTs): 34720]
         ================================================================================

1xN001:  ------------------------------------------------------
         Memory status  on node "1xN001" for matrix calculation
         	Estimated memory consumption: 0.00909451 GB
         	Physical memory installed: 17.1257 GB
         	Available physical memory: 8.806 GB
         	Available relative memory: 51.4197%s
         ------------------------------------------------------

1xN001:  >>>>>>>>>>>>>>>>>>>>>>>>>>>>>>>>>>>>>>>>>>>>>>>>>
         2023 Oct 01 (Sun):  11:03:47
         started: calculating matrix coefficients per node
         >>>>>>>>>>>>>>>>>>>>>>>>>>>>>>>>>>>>>>>>>>>>>>>>>

1xN001:  ================================================================
         Matrix computation (PBA)
         	[PERFECT BOUNDARY APPROXIMATION (PBA) (R), version: default]
         	[GPU acceleration: off (by user)]
         Version 2022.0 (build 20210823)
         PBA version 2022060322
         Sub-Workflow: FARM-1xN-TST2-Node
         Workflow updated: -
         2023 Oct 01 (Sun):  11:03:47
         ================================================================

1xN001:  ----------------------------------------------
         Used point accuracy enhancement value: 54.00%.
         ----------------------------------------------

1xN001:  FARM allocation scheme: BBM
1xN001:  Gap-Detection activated for FARM-topology. Gaps are resolved, even partially.: gap tolerance value is 0.001000 and mesh geometry scale is 0.001000
1xN001:
1xN001:



1xN001:  ----------------------
         Acceleration mode: CPU
         ----------------------

1xN001:  Port homogenization method: M2H point index deviation
1xN001:  ccccccccccccccccccccccccccccccccccccccccccccccccccccccccccccccccccccc
         FARM/Meshfill cache is set to 8 (local FI domains: 4, dynamic: false)
         ccccccccccccccccccccccccccccccccccccccccccccccccccccccccccccccccccccc

1xN001:  =============================================================
         Hex cell analyzer settings:
         	max number of E fields per mesh edge: 2
         	max number of H fields per mesh face: 4
         	supporting dual grid: false
         	performance improvement: ROI limit: true
         	performance improvement: ROI threshold: 2
         	performance improvement: single topology extraction: true
         	performance improvement: pre-categorize cell volume: true
         	periodic align: 0
         	periodic cells: true
         	homogenization version: pid
         =============================================================

1xN001:  ------------------------------------------------------------------------------
         PBA fill limit is applied in inverse mode.
         PBA fill limit is applied on faces filled with at least 98.81% metal material.
         --------------------------------------------------------------
         detailed accuracy settings:
         --------------------------------------------------------------
         augmented fill limit:       true
         augmented fill limit value: 98.81
         automatic fill limit:       true
         early fill limit:           true
         inverse fill limit:         true
         model complexity:           0.00
         legacy 2015:                false
         fixed point accuracy:       false
         minimum point accuracy:     0
         mesh step inheritance:      false
         accuracy mode:
         ------------------------------------------------------------------------------

1xN001:  =================================
         Finished matrix computation (PBA)
         =================================

1xN001:  <<<<<<<<<<<<<<<<<<<<<<<<<<<<<<<<<<<<<<<<<<<<<<<<<<<<<<<<<<<<
         2023 Oct 01 (Sun):  11:03:51
         Resource usage for calculating matrix coefficients per node:
         	Runtime                          00:00:03.00743
         	Peak Memory Estimation:                    9 MB
         	Peak Memory Usage:                        51 MB
         <<<<<<<<<<<<<<<<<<<<<<<<<<<<<<<<<<<<<<<<<<<<<<<<<<<<<<<<<<<<



1xN002:  ==========================================================================
          - pinning rule in use   : PINNING_RULE_MCALC_SKIP_ALL
          - desired group         : 0, sockets = 0
          - num cores available   : 12
          - num accessible procs          : 12
          - num logical procs             : 12
          - affinity (main thread)        : 111111111111
          - sockets                       : 0
          - potential cores               : 0,1,2,3,4,5,6,7,8,9,10,11
          - affinity                      : 111111111111
          - core list                  (3): 0,1,2,3,4,5,6,7,8,9,10,11
          - active cores          : 0,1,2,3,4,5,6,7,8,9,10,11
          - hyperthreading        : on
          - skip pinning: + allowed number of sockets = available number of sockets
                          + hyperthreading allowed by solver
         ==========================================================================

1xN002:  ================================================================================
         Version: 2022.0 Release from 2021-08-23 (change 895802) [Release]
         Workflow: PBA matrix coefficients
         Operation: [fpba, meshfill, bg, port-path, tst, tst-nextgen, coeff, surface-imp]
         Architecture: Windows, ID: AMD64
         System Windows-64bit
         Using processor group 0/1
         HEX Mesh information:
         Hex mesh: node: [hxr o(0 | 25 | 0) s(27 | 30 | 40) np (no TSTs): 32400]
         Hex mesh: extended: [hxr o(0 | 24 | 0) s(28 | 31 | 40) np (no TSTs): 34720]
         ================================================================================

1xN002:  ------------------------------------------------------
         Memory status  on node "1xN002" for matrix calculation
         	Estimated memory consumption: 0.00909451 GB
         	Physical memory installed: 17.1257 GB
         	Available physical memory: 8.806 GB
         	Available relative memory: 51.4197%s
         ------------------------------------------------------

1xN002:  >>>>>>>>>>>>>>>>>>>>>>>>>>>>>>>>>>>>>>>>>>>>>>>>>
         2023 Oct 01 (Sun):  11:03:47
         started: calculating matrix coefficients per node
         >>>>>>>>>>>>>>>>>>>>>>>>>>>>>>>>>>>>>>>>>>>>>>>>>

1xN002:  ================================================================
         Matrix computation (PBA)
         	[PERFECT BOUNDARY APPROXIMATION (PBA) (R), version: default]
         	[GPU acceleration: off (by user)]
         Version 2022.0 (build 20210823)
         PBA version 2022060322
         Sub-Workflow: FARM-1xN-TST2-Node
         Workflow updated: -
         2023 Oct 01 (Sun):  11:03:47
         ================================================================

1xN002:  ----------------------------------------------
         Used point accuracy enhancement value: 54.00%.
         ----------------------------------------------

1xN002:  FARM allocation scheme: BBM
1xN002:  Gap-Detection activated for FARM-topology. Gaps are resolved, even partially.: gap tolerance value is 0.001000 and mesh geometry scale is 0.001000
1xN002:
1xN002:



1xN002:  ----------------------
         Acceleration mode: CPU
         ----------------------

1xN002:  Port homogenization method: M2H point index deviation
1xN002:  ccccccccccccccccccccccccccccccccccccccccccccccccccccccccccccccccccccc
         FARM/Meshfill cache is set to 8 (local FI domains: 4, dynamic: false)
         ccccccccccccccccccccccccccccccccccccccccccccccccccccccccccccccccccccc

1xN002:  =============================================================
         Hex cell analyzer settings:
         	max number of E fields per mesh edge: 2
         	max number of H fields per mesh face: 4
         	supporting dual grid: false
         	performance improvement: ROI limit: true
         	performance improvement: ROI threshold: 2
         	performance improvement: single topology extraction: true
         	performance improvement: pre-categorize cell volume: true
         	periodic align: 0
         	periodic cells: true
         	homogenization version: pid
         =============================================================

1xN002:  ------------------------------------------------------------------------------
         PBA fill limit is applied in inverse mode.
         PBA fill limit is applied on faces filled with at least 98.81% metal material.
         --------------------------------------------------------------
         detailed accuracy settings:
         --------------------------------------------------------------
         augmented fill limit:       true
         augmented fill limit value: 98.81
         automatic fill limit:       true
         early fill limit:           true
         inverse fill limit:         true
         model complexity:           0.00
         legacy 2015:                false
         fixed point accuracy:       false
         minimum point accuracy:     0
         mesh step inheritance:      false
         accuracy mode:
         ------------------------------------------------------------------------------

1xN002:  =================================
         Finished matrix computation (PBA)
         =================================

1xN002:  <<<<<<<<<<<<<<<<<<<<<<<<<<<<<<<<<<<<<<<<<<<<<<<<<<<<<<<<<<<<
         2023 Oct 01 (Sun):  11:03:51
         Resource usage for calculating matrix coefficients per node:
         	Runtime                          00:00:03.00722
         	Peak Memory Estimation:                    9 MB
         	Peak Memory Usage:                        50 MB
         <<<<<<<<<<<<<<<<<<<<<<<<<<<<<<<<<<<<<<<<<<<<<<<<<<<<<<<<<<<<



1xN003:  ==========================================================================
          - pinning rule in use   : PINNING_RULE_MCALC_SKIP_ALL
          - desired group         : 0, sockets = 0
          - num cores available   : 12
          - num accessible procs          : 12
          - num logical procs             : 12
          - affinity (main thread)        : 111111111111
          - sockets                       : 0
          - potential cores               : 0,1,2,3,4,5,6,7,8,9,10,11
          - affinity                      : 111111111111
          - core list                  (3): 0,1,2,3,4,5,6,7,8,9,10,11
          - active cores          : 0,1,2,3,4,5,6,7,8,9,10,11
          - hyperthreading        : on
          - skip pinning: + allowed number of sockets = available number of sockets
                          + hyperthreading allowed by solver
         ==========================================================================

1xN003:  ================================================================================
         Version: 2022.0 Release from 2021-08-23 (change 895802) [Release]
         Workflow: PBA matrix coefficients
         Operation: [fpba, meshfill, bg, port-path, tst, tst-nextgen, coeff, surface-imp]
         Architecture: Windows, ID: AMD64
         System Windows-64bit
         Using processor group 0/1
         HEX Mesh information:
         Hex mesh: node: [hxr o(25 | 25 | 0) s(30 | 30 | 40) np (no TSTs): 36000]
         Hex mesh: extended: [hxr o(24 | 24 | 0) s(31 | 31 | 40) np (no TSTs): 38440]
         ================================================================================

1xN003:  ------------------------------------------------------
         Memory status  on node "1xN003" for matrix calculation
         	Estimated memory consumption: 0.00960233 GB
         	Physical memory installed: 17.1257 GB
         	Available physical memory: 8.805 GB
         	Available relative memory: 51.4139%s
         ------------------------------------------------------

1xN003:  >>>>>>>>>>>>>>>>>>>>>>>>>>>>>>>>>>>>>>>>>>>>>>>>>
         2023 Oct 01 (Sun):  11:03:47
         started: calculating matrix coefficients per node
         >>>>>>>>>>>>>>>>>>>>>>>>>>>>>>>>>>>>>>>>>>>>>>>>>

1xN003:  ================================================================
         Matrix computation (PBA)
         	[PERFECT BOUNDARY APPROXIMATION (PBA) (R), version: default]
         	[GPU acceleration: off (by user)]
         Version 2022.0 (build 20210823)
         PBA version 2022060322
         Sub-Workflow: FARM-1xN-TST2-Node
         Workflow updated: -
         2023 Oct 01 (Sun):  11:03:47
         ================================================================

1xN003:  ----------------------------------------------
         Used point accuracy enhancement value: 54.00%.
         ----------------------------------------------

1xN003:  FARM allocation scheme: BBM
1xN003:  Gap-Detection activated for FARM-topology. Gaps are resolved, even partially.: gap tolerance value is 0.001000 and mesh geometry scale is 0.001000
1xN003:
1xN003:



1xN003:  ----------------------
         Acceleration mode: CPU
         ----------------------

1xN003:  Port homogenization method: M2H point index deviation
1xN003:  ccccccccccccccccccccccccccccccccccccccccccccccccccccccccccccccccccccc
         FARM/Meshfill cache is set to 8 (local FI domains: 8, dynamic: false)
         ccccccccccccccccccccccccccccccccccccccccccccccccccccccccccccccccccccc

1xN003:  =============================================================
         Hex cell analyzer settings:
         	max number of E fields per mesh edge: 2
         	max number of H fields per mesh face: 4
         	supporting dual grid: false
         	performance improvement: ROI limit: true
         	performance improvement: ROI threshold: 2
         	performance improvement: single topology extraction: true
         	performance improvement: pre-categorize cell volume: true
         	periodic align: 0
         	periodic cells: true
         	homogenization version: pid
         =============================================================

1xN003:  ------------------------------------------------------------------------------
         PBA fill limit is applied in inverse mode.
         PBA fill limit is applied on faces filled with at least 98.81% metal material.
         --------------------------------------------------------------
         detailed accuracy settings:
         --------------------------------------------------------------
         augmented fill limit:       true
         augmented fill limit value: 98.81
         automatic fill limit:       true
         early fill limit:           true
         inverse fill limit:         true
         model complexity:           0.00
         legacy 2015:                false
         fixed point accuracy:       false
         minimum point accuracy:     0
         mesh step inheritance:      false
         accuracy mode:
         ------------------------------------------------------------------------------

1xN003:  discrete edge port "1" is connected to metal material.
1xN003:  ----------------------------------------------------------------
         The following discrete edge port is connected to metal material:
         	1
         ----------------------------------------------------------------

1xN003:  =================================
         Finished matrix computation (PBA)
         =================================

1xN003:  <<<<<<<<<<<<<<<<<<<<<<<<<<<<<<<<<<<<<<<<<<<<<<<<<<<<<<<<<<<<
         2023 Oct 01 (Sun):  11:03:51
         Resource usage for calculating matrix coefficients per node:
         	Runtime                          00:00:04.00244
         	Peak Memory Estimation:                   10 MB
         	Peak Memory Usage:                        57 MB
         <<<<<<<<<<<<<<<<<<<<<<<<<<<<<<<<<<<<<<<<<<<<<<<<<<<<<<<<<<<<



<<<<<<<<<<<<<<<<<<<<<<<<<<<<<<<<<<<<<<<<<<<<<<<
2023 Oct 01 (Sun):  11:03:55
Resource usage for parallelization control:
	Runtime                      00:00:10.00613
<<<<<<<<<<<<<<<<<<<<<<<<<<<<<<<<<<<<<<<<<<<<<<<

------------------------------------------------------------------------------------------------------------------------------
PBAMeshFeedback - InfoMap: 0[ms] - SBCell navigation: Using legacy edges - CornerCorrectionLinesAndWires: 0[ms] - Write: 0[ms]
ConnectivityAXG - Load: 5[ms] - Setup: 2[ms] - Convert: 22[ms] ( Groups: 3 - Shapes: 2 - Threads: 6 ) - Write: 1[ms]
------------------------------------------------------------------------------------------------------------------------------

--------------------------------
# of staircase filled cells: 0
# of staircase filled areas: 0
# of staircase filled edges: 0
# of faces above fill limit: 0
# of edges with FPBA topology: 0
--------------------------------

--------------------------------
# of staircase filled cells: 0
# of staircase filled areas: 0
# of staircase filled edges: 0
# of faces above fill limit: 0
# of edges with FPBA topology: 0
--------------------------------

