01/Oct/2023 11:03:42  *** Warning ***
                      
                      This software is licensed for educational purposes only.
                      
                      ------------------------------------------------------------------------------
01/Oct/2023 11:03:42  The following farfield monitor(s) have been adjusted to model box [-2.32984,
                      2.32984, -2.32984, 2.32984, -0.4, 25.7168].
                        farfield (f=2.5). More...
                      
                      ------------------------------------------------------------------------------
01/Oct/2023 11:03:43  
                      Solver started at: 11:03 AM Sunday, 01. October 2023 (Hora de verano romance)
                      
                        Module:  Time Domain: S-Parameter (Win 64)
                        Version: 2022.0 Release from 2021-08-23 (change 895802)
                      

                      ------------------------------------------------------------------------------

                      ------------------------------------------------------------------------------
01/Oct/2023 11:03:43  ======================================================================
                       Solver cycle: 1
                      ======================================================================
                      
                      Stimulation at discrete port 1 
                      
                      
                      
                      ------------------------------------------------------------------------------
01/Oct/2023 11:03:43  Units settings: 
                      
                        Dimensions: mm
                        Frequency:  GHz
                        Time:       ns
                      
                      ------------------------------------------------------------------------------
01/Oct/2023 11:03:43  The dispersive material update [Automatic] will be performed using the "Standard" update schema
                      
                      ------------------------------------------------------------------------------
01/Oct/2023 11:03:56  The following discrete edge port is connected to metal material:
                      	1
                      
                      ------------------------------------------------------------------------------
01/Oct/2023 11:03:57  Mesh statistics:
                      
                         Hexahedral mesh type: PERFECT BOUNDARY APPROXIMATION (PBA) (R)
                            Version: default
                      
                         Parallelization type: domain decomposition
                            Number of parallel working threads: 4
                            Number of calculation domains used: 4
                      
                         Used point accuracy enhancement value: 54.00%.
                         Acceleration mode: CPU
                         PBA fill limit: 98.81% (inverse)

01/Oct/2023 11:04:03  *** Warning ***
                      
01/Oct/2023 11:04:03  The current settings will probably lead to a very long simulation time.
                      
                      You may improve the simulation speed by:
                      
                      1. checking the frequency range and units settings
                      2. reducing the maximum solver duration
                      3. checking the mesh to avoid very small mesh steps
                      
                      ------------------------------------------------------------------------------
01/Oct/2023 11:04:05  Boundary conditions: 
                      
                        YZsymmetry: none
                        XZsymmetry: none
                        XYsymmetry: none
                      
                        Xmin: expanded open, 4 Layer, depth 25.5255 mm
                        Xmax: expanded open, 4 Layer, depth 25.5255 mm
                      
                        Ymin: expanded open, 4 Layer, depth 25.5255 mm
                        Ymax: expanded open, 4 Layer, depth 25.5255 mm
                      
                        Zmin: electric
                        Zmax: expanded open, 4 Layer, depth 25.5255 mm
                      
                        PML-Type: Convolution PML
                      
                      ------------------------------------------------------------------------------
01/Oct/2023 11:04:05  Frequency settings: 
                      
                        Fmin:         2.1
                        Fmax:         2.9
                        Nfsteps(lin): 1001
                      
                      ------------------------------------------------------------------------------
01/Oct/2023 11:04:06  Field update statistics:
                      
                        Number of components in total: 	703875
                      
                      Subcycling state:      Automatically deactivated
                      
                      ------------------------------------------------------------------------------
01/Oct/2023 11:04:06  Port: 1
                      
01/Oct/2023 11:04:06    Discrete element, reference impedance = 36.5 Ohm
                      
                      ------------------------------------------------------------------------------
01/Oct/2023 11:06:09  
                      --------------------------------------------------------------------------------
01/Oct/2023 11:06:09  Steady state energy criterion met, solver finished successfully.
                      
                      ------------------------------------------------------------------------------
01/Oct/2023 11:06:09  Frequency domain results normalized to default signal.
                      
                      
                      ------------------------------------------------------------------------------
01/Oct/2023 11:06:09  
                        ----------------------------------------------------------------------------
                                            Peak memory used (kB)         Free physical memory (kB) 
                                                                          At begin     Minimum      
                        ----------------------------------------------------------------------------
                        CAD preparation     18596                         8621996      8621996      
                        Matrices calc.      196419                        8548828      8413085      
                        Solver run total    57804                         8645848      7958640      
                        ----------------------------------------------------------------------------
                      
                      --------------------------------------------------------------------------------
                      Solver Statistics:
                      
                        Hardware:
                           Computer name:                 	DESKTOP-F9C4HC5 
                      
                           Number of CPU threads:               6
                           Hardware info:                  	Hardware Accelerator Device not activated
                      
                        Number of mesh cells:             	113724
                        Excitation duration:              	8.88637187e+000 ns 
                        Calculation time for excitation:  	0 	s
                        Number of calculated pulse widths:	1.00858 
                        Steady state accuracy limit:      	-40	dB 
                        Simulated number of time steps:   	98046 
                        Maximum number of time steps:     	1944237 
                        Time step width:
                           without subcycles:             	9.141241754e-005 ns
                           used:                          	9.141241754e-005 ns
                      
                        CAD preparation time:             	0      	s
                        Matrix calculation time:          	14 	s
                        Solver setup time:                	14 	s
                        Solver loop time:                 	113 	s
                        Solver post-processing time:      	3 	s
                                                          	------------
                        Total solver time:                	144 	s  ( = 0 h, 2 m, 24 s )
                      
                      ------------------------------------------------------------------------------
01/Oct/2023 11:06:11  
                        Adaptive port meshing time:          	0      	s
                        Total solver time (all cycles):      	144    	s  ( = 0 h, 2 m, 24 s )
                        Solver initialization and clean-up:  	4      	s
                                                             	------------
                        Total simulation time:               	148    	s  ( = 0 h, 2 m, 28 s )
                      
                      ------------------------------------------------------------------------------
01/Oct/2023 11:06:11  Solver finished at: 11:06 AM Sunday, 01. October 2023
                      
                      
                      
                      ------------------------------------------------------------------------------
01/Oct/2023 11:06:16  Creating parametric 1D results for Run ID 18
                      
                      ------------------------------------------------------------------------------
01/Oct/2023 11:20:19  Defined reference frequency for open boundary condition (2.5 GHz) is larger
                      than the lowest relevant system frequency (monitor at 2.228 GHz).
                      Please check open boundary settings to ensure accurate monitor results for the
                      lowest frequency of interest.
                      
                      ------------------------------------------------------------------------------
01/Oct/2023 11:20:19  *** Warning ***
                      
                      This software is licensed for educational purposes only.
                      
                      ------------------------------------------------------------------------------
01/Oct/2023 11:20:19  The following farfield monitor(s) have been adjusted to model box [-2.32984,
                      2.32984, -2.32984, 2.32984, -0.4, 25.7168].
                        farfield (f=2.228), farfield (f=2.5), farfield (f=2.9). More...
                      
                      ------------------------------------------------------------------------------
01/Oct/2023 11:20:19  
                      Solver started at: 11:20 AM Sunday, 01. October 2023 (Hora de verano romance)
                      
                        Module:  Time Domain: S-Parameter (Win 64)
                        Version: 2022.0 Release from 2021-08-23 (change 895802)
                      

                      ------------------------------------------------------------------------------

                      ------------------------------------------------------------------------------
01/Oct/2023 11:20:19  ======================================================================
                       Solver cycle: 1
                      ======================================================================
                      
                      Stimulation at discrete port 1 
                      
                      
                      
                      ------------------------------------------------------------------------------
01/Oct/2023 11:20:19  Units settings: 
                      
                        Dimensions: mm
                        Frequency:  GHz
                        Time:       ns
                      
                      ------------------------------------------------------------------------------
01/Oct/2023 11:20:19  The dispersive material update [Automatic] will be performed using the "Standard" update schema
                      
                      ------------------------------------------------------------------------------
01/Oct/2023 11:20:26  *** Warning ***
                      
01/Oct/2023 11:20:26  The current settings will probably lead to a very long simulation time.
                      
                      You may improve the simulation speed by:
                      
                      1. checking the frequency range and units settings
                      2. reducing the maximum solver duration
                      3. checking the mesh to avoid very small mesh steps
                      
                      ------------------------------------------------------------------------------
01/Oct/2023 11:20:27  Boundary conditions: 
                      
                        YZsymmetry: none
                        XZsymmetry: none
                        XYsymmetry: none
                      
                        Xmin: expanded open, 4 Layer, depth 25.5255 mm
                        Xmax: expanded open, 4 Layer, depth 25.5255 mm
                      
                        Ymin: expanded open, 4 Layer, depth 25.5255 mm
                        Ymax: expanded open, 4 Layer, depth 25.5255 mm
                      
                        Zmin: electric
                        Zmax: expanded open, 4 Layer, depth 25.5255 mm
                      
                        PML-Type: Convolution PML
                      
                      ------------------------------------------------------------------------------
01/Oct/2023 11:20:27  Frequency settings: 
                      
                        Fmin:         2.1
                        Fmax:         2.9
                        Nfsteps(lin): 1001
                      
                      ------------------------------------------------------------------------------
01/Oct/2023 11:20:28  Field update statistics:
                      
                        Number of components in total: 	703875
                      
                      Subcycling state:      Automatically deactivated
                      
                      ------------------------------------------------------------------------------
01/Oct/2023 11:20:28  Port: 1
                      
01/Oct/2023 11:20:28    Discrete element, reference impedance = 36.5 Ohm
                      
                      ------------------------------------------------------------------------------
01/Oct/2023 11:22:22  
                      --------------------------------------------------------------------------------
01/Oct/2023 11:22:22  Steady state energy criterion met, solver finished successfully.
                      
                      ------------------------------------------------------------------------------
01/Oct/2023 11:22:22  Frequency domain results normalized to default signal.
                      
                      
                      ------------------------------------------------------------------------------
01/Oct/2023 11:22:22  
                        ----------------------------------------------------------------------------
                                            Peak memory used (kB)         Free physical memory (kB) 
                                                                          At begin     Minimum      
                        ----------------------------------------------------------------------------
                        CAD preparation     18596                         8621996      8621996      
                        Matrices calc.      196419                        8548828      8413085      
                        Solver run total    59136                         7868808      7825596      
                        ----------------------------------------------------------------------------
                      
                      --------------------------------------------------------------------------------
                      Solver Statistics:
                      
                        Hardware:
                           Computer name:                 	DESKTOP-F9C4HC5 
                      
                           Number of CPU threads:               6
                           Hardware info:                  	Hardware Accelerator Device not activated
                      
                        Number of mesh cells:             	113724
                        Excitation duration:              	8.88637187e+000 ns 
                        Calculation time for excitation:  	0 	s
                        Number of calculated pulse widths:	1.00858 
                        Steady state accuracy limit:      	-40	dB 
                        Simulated number of time steps:   	98046 
                        Maximum number of time steps:     	1944237 
                        Time step width:
                           without subcycles:             	9.141241754e-005 ns
                           used:                          	9.141241754e-005 ns
                      
                        Reloading matrices:               	0 	s
                        Solver setup time:                	14 	s
                        Solver loop time:                 	103 	s
                        Solver post-processing time:      	3 	s
                                                          	------------
                        Total solver time:                	120 	s  ( = 0 h, 2 m, 0 s )
                      
                      ------------------------------------------------------------------------------
01/Oct/2023 11:22:23  
                        Adaptive port meshing time:          	0      	s
                        Total solver time (all cycles):      	120    	s  ( = 0 h, 2 m, 0 s )
                        Solver initialization and clean-up:  	4      	s
                                                             	------------
                        Total simulation time:               	124    	s  ( = 0 h, 2 m, 4 s )
                      
                      ------------------------------------------------------------------------------
01/Oct/2023 11:22:23  Solver finished at: 11:22 AM Sunday, 01. October 2023
                      
                      
                      
                      ------------------------------------------------------------------------------
01/Oct/2023 11:22:25  Creating parametric 1D results for Run ID 18
                      
                      ------------------------------------------------------------------------------
