Unknown:
D:\degre\Descargas\G8P1\G8P1_monopolo\Result\farfield (f=2.5)_1.fme
D:\degre\Descargas\G8P1\G8P1_monopolo\Result\hardware_resources.sconf
D:\degre\Descargas\G8P1\G8P1_monopolo\Result\Hex.gap
D:\degre\Descargas\G8P1\G8P1_monopolo\Result\MCalc.ddi
D:\degre\Descargas\G8P1\G8P1_monopolo\Result\MCalc.log
D:\degre\Descargas\G8P1\G8P1_monopolo\Result\ml_info.log
D:\degre\Descargas\G8P1\G8P1_monopolo\Result\Model.axg
D:\degre\Descargas\G8P1\G8P1_monopolo\Result\Model.ddi
D:\degre\Descargas\G8P1\G8P1_monopolo\Result\Model.log
D:\degre\Descargas\G8P1\G8P1_monopolo\Result\Model.sa
D:\degre\Descargas\G8P1\G8P1_monopolo\Result\Model.sam
D:\degre\Descargas\G8P1\G8P1_monopolo\Result\ModelPBA.axg
D:\degre\Descargas\G8P1\G8P1_monopolo\Result\Model_m1.sam
D:\degre\Descargas\G8P1\G8P1_monopolo\Result\m^fifx.dsc
D:\degre\Descargas\G8P1\G8P1_monopolo\Result\m^fqq.dsc
D:\degre\Descargas\G8P1\G8P1_monopolo\Result\Ports.web
D:\degre\Descargas\G8P1\G8P1_monopolo\Result\PP-MCalc.log
D:\degre\Descargas\G8P1\G8P1_monopolo\Result\PP-Prio.log
D:\degre\Descargas\G8P1\G8P1_monopolo\Result\p^a.dsc
D:\degre\Descargas\G8P1\G8P1_monopolo\Result\P^m^fbqq.slog
D:\degre\Descargas\G8P1\G8P1_monopolo\Result\P^m^fqq.slog
D:\degre\Descargas\G8P1\G8P1_monopolo\Result\P^p^m.slog
D:\degre\Descargas\G8P1\G8P1_monopolo\Result\P^s^pm.slog
D:\degre\Descargas\G8P1\G8P1_monopolo\Result\WEP.log
Mesh:
D:\degre\Descargas\G8P1\G8P1_monopolo\Result\dA.mat
D:\degre\Descargas\G8P1\G8P1_monopolo\Result\dad.mat
D:\degre\Descargas\G8P1\G8P1_monopolo\Result\ds.mat
D:\degre\Descargas\G8P1\G8P1_monopolo\Result\dsd.mat
D:\degre\Descargas\G8P1\G8P1_monopolo\Result\dsMCalc.mat
D:\degre\Descargas\G8P1\G8P1_monopolo\Result\Eps.mat
D:\degre\Descargas\G8P1\G8P1_monopolo\Result\HexMatrix.m2h
D:\degre\Descargas\G8P1\G8P1_monopolo\Result\HexMatrix_MCalc.m2h
D:\degre\Descargas\G8P1\G8P1_monopolo\Result\MCalc.fmp
D:\degre\Descargas\G8P1\G8P1_monopolo\Result\MCalc.xcfd
D:\degre\Descargas\G8P1\G8P1_monopolo\Result\MCalcCCS_c.mson
D:\degre\Descargas\G8P1\G8P1_monopolo\Result\Meta.m2h
D:\degre\Descargas\G8P1\G8P1_monopolo\Result\Meta.mat
D:\degre\Descargas\G8P1\G8P1_monopolo\Result\Model-fmf.msqlite
D:\degre\Descargas\G8P1\G8P1_monopolo\Result\Model.cct
D:\degre\Descargas\G8P1\G8P1_monopolo\Result\Model.fmf
D:\degre\Descargas\G8P1\G8P1_monopolo\Result\Model.fmm
D:\degre\Descargas\G8P1\G8P1_monopolo\Result\Model.fpc
D:\degre\Descargas\G8P1\G8P1_monopolo\Result\Model.fwf
D:\degre\Descargas\G8P1\G8P1_monopolo\Result\Model.sid
D:\degre\Descargas\G8P1\G8P1_monopolo\Result\Model.spi
D:\degre\Descargas\G8P1\G8P1_monopolo\Result\Model.xcfd
D:\degre\Descargas\G8P1\G8P1_monopolo\Result\Mue.mat
D:\degre\Descargas\G8P1\G8P1_monopolo\Result\m^fqq.mem
D:\degre\Descargas\G8P1\G8P1_monopolo\Result\PEC.mat
D:\degre\Descargas\G8P1\G8P1_monopolo\Result\Ports.fpt
D:\degre\Descargas\G8P1\G8P1_monopolo\Result\p^a.mem
D:\degre\Descargas\G8P1\G8P1_monopolo\Result\p^m.mem
D:\degre\Descargas\G8P1\G8P1_monopolo\Result\S2HMatrix.m2h
D:\degre\Descargas\G8P1\G8P1_monopolo\Result\Shapes.con
D:\degre\Descargas\G8P1\G8P1_monopolo\Result\s^pm.mem
Port:
D:\degre\Descargas\G8P1\G8P1_monopolo\Result\Model.pmi
